2025-09-18T09:56:06.118+05:30  INFO 28388 --- [ecommerce-app] [restartedMain] c.m.e.EcommerceAppApplication            : Starting EcommerceAppApplication using Java 21.0.8 with PID 28388 (C:\Users\Vaishnavi D\Documents\Ecom_Proj\Ecom-NIE-main\Ecom-NIE-main\server\target\classes started by Vaishnavi D in C:\Users\Vaishnavi D\Documents\Ecom_Proj\Ecom-NIE-main\Ecom-NIE-main\server)
2025-09-18T09:56:06.121+05:30  INFO 28388 --- [ecommerce-app] [restartedMain] c.m.e.EcommerceAppApplication            : No active profile set, falling back to 1 default profile: "default"
2025-09-18T09:56:06.177+05:30  INFO 28388 --- [ecommerce-app] [restartedMain] .e.DevToolsPropertyDefaultsPostProcessor : Devtools property defaults active! Set 'spring.devtools.add-properties' to 'false' to disable
2025-09-18T09:56:06.192+05:30  INFO 28388 --- [ecommerce-app] [restartedMain] .e.DevToolsPropertyDefaultsPostProcessor : For additional web related logging consider setting the 'logging.level.web' property to 'DEBUG'
2025-09-18T09:56:06.867+05:30  INFO 28388 --- [ecommerce-app] [restartedMain] .s.d.r.c.RepositoryConfigurationDelegate : Bootstrapping Spring Data MongoDB repositories in DEFAULT mode.
2025-09-18T09:56:06.929+05:30  INFO 28388 --- [ecommerce-app] [restartedMain] .s.d.r.c.RepositoryConfigurationDelegate : Finished Spring Data repository scanning in 53 ms. Found 3 MongoDB repository interfaces.
2025-09-18T09:56:07.275+05:30  INFO 28388 --- [ecommerce-app] [restartedMain] o.s.b.w.embedded.tomcat.TomcatWebServer  : Tomcat initialized with port 8080 (http)
2025-09-18T09:56:07.290+05:30  INFO 28388 --- [ecommerce-app] [restartedMain] o.apache.catalina.core.StandardService   : Starting service [Tomcat]
2025-09-18T09:56:07.292+05:30  INFO 28388 --- [ecommerce-app] [restartedMain] o.apache.catalina.core.StandardEngine    : Starting Servlet engine: [Apache Tomcat/10.1.44]
2025-09-18T09:56:07.339+05:30  INFO 28388 --- [ecommerce-app] [restartedMain] o.a.c.c.C.[Tomcat].[localhost].[/]       : Initializing Spring embedded WebApplicationContext
2025-09-18T09:56:07.339+05:30  INFO 28388 --- [ecommerce-app] [restartedMain] w.s.c.ServletWebServerApplicationContext : Root WebApplicationContext: initialization completed in 1145 ms
2025-09-18T09:56:07.743+05:30  INFO 28388 --- [ecommerce-app] [restartedMain] org.mongodb.driver.client                : MongoClient with metadata {"application": {"name": "Cluster0"}, "driver": {"name": "mongo-java-driver|sync|spring-boot", "version": "5.5.1"}, "os": {"type": "Windows", "name": "Windows 11", "architecture": "amd64", "version": "10.0"}, "platform": "Java/Oracle Corporation/21.0.8+12-LTS-250"} created with settings MongoClientSettings{readPreference=primary, writeConcern=WriteConcern{w=majority, wTimeout=null ms, journal=null}, retryWrites=true, retryReads=true, readConcern=ReadConcern{level=null}, credential=MongoCredential{mechanism=null, userName='Vaishnavi_D', source='admin', password=<hidden>, mechanismProperties=<hidden>}, transportSettings=null, commandListeners=[], codecRegistry=ProvidersCodecRegistry{codecProviders=[ValueCodecProvider{}, BsonValueCodecProvider{}, DBRefCodecProvider{}, DBObjectCodecProvider{}, DocumentCodecProvider{}, CollectionCodecProvider{}, IterableCodecProvider{}, MapCodecProvider{}, GeoJsonCodecProvider{}, GridFSFileCodecProvider{}, Jsr310CodecProvider{}, JsonObjectCodecProvider{}, BsonCodecProvider{}, EnumCodecProvider{}, com.mongodb.client.model.mql.ExpressionCodecProvider@289a2b84, com.mongodb.Jep395RecordCodecProvider@3f16a4a3, com.mongodb.KotlinCodecProvider@71e85418]}, loggerSettings=LoggerSettings{maxDocumentLength=1000}, clusterSettings={hosts=[127.0.0.1:27017], srvHost=cluster0.31qa085.mongodb.net, srvServiceName=mongodb, mode=MULTIPLE, requiredClusterType=REPLICA_SET, requiredReplicaSetName='atlas-7zqv1i-shard-0', serverSelector='null', clusterListeners='[]', serverSelectionTimeout='30000 ms', localThreshold='15 ms'}, socketSettings=SocketSettings{connectTimeoutMS=10000, readTimeoutMS=0, receiveBufferSize=0, proxySettings=ProxySettings{host=null, port=null, username=null, password=null}}, heartbeatSocketSettings=SocketSettings{connectTimeoutMS=10000, readTimeoutMS=10000, receiveBufferSize=0, proxySettings=ProxySettings{host=null, port=null, username=null, password=null}}, connectionPoolSettings=ConnectionPoolSettings{maxSize=100, minSize=0, maxWaitTimeMS=120000, maxConnectionLifeTimeMS=0, maxConnectionIdleTimeMS=0, maintenanceInitialDelayMS=0, maintenanceFrequencyMS=60000, connectionPoolListeners=[], maxConnecting=2}, serverSettings=ServerSettings{heartbeatFrequencyMS=10000, minHeartbeatFrequencyMS=500, serverMonitoringMode=AUTO, serverListeners='[]', serverMonitorListeners='[]'}, sslSettings=SslSettings{enabled=true, invalidHostNameAllowed=false, context=null}, applicationName='Cluster0', compressorList=[], uuidRepresentation=JAVA_LEGACY, serverApi=null, autoEncryptionSettings=null, dnsClient=null, inetAddressResolver=null, contextProvider=null, timeoutMS=null}
2025-09-18T09:56:07.893+05:30  INFO 28388 --- [ecommerce-app] [restartedMain] o.s.b.d.a.OptionalLiveReloadServer       : LiveReload server is running on port 35729
2025-09-18T09:56:08.035+05:30  INFO 28388 --- [ecommerce-app] [cluster-ClusterId{value='68cb89df98179a54792b6755', description='Cluster0'}-srv-cluster0.31qa085.mongodb.net] org.mongodb.driver.cluster               : Adding discovered server ac-0gk59p4-shard-00-02.31qa085.mongodb.net:27017 to client view of cluster
2025-09-18T09:56:08.056+05:30  INFO 28388 --- [ecommerce-app] [cluster-ClusterId{value='68cb89df98179a54792b6755', description='Cluster0'}-srv-cluster0.31qa085.mongodb.net] org.mongodb.driver.cluster               : Adding discovered server ac-0gk59p4-shard-00-01.31qa085.mongodb.net:27017 to client view of cluster
2025-09-18T09:56:08.061+05:30  INFO 28388 --- [ecommerce-app] [cluster-ClusterId{value='68cb89df98179a54792b6755', description='Cluster0'}-srv-cluster0.31qa085.mongodb.net] org.mongodb.driver.cluster               : Adding discovered server ac-0gk59p4-shard-00-00.31qa085.mongodb.net:27017 to client view of cluster
2025-09-18T09:56:08.175+05:30  INFO 28388 --- [ecommerce-app] [restartedMain] o.s.v.b.OptionalValidatorFactoryBean     : Failed to set up a Bean Validation provider: jakarta.validation.NoProviderFoundException: Unable to create a Configuration, because no Jakarta Bean Validation provider could be found. Add a provider like Hibernate Validator (RI) to your classpath.
2025-09-18T09:56:08.486+05:30  INFO 28388 --- [ecommerce-app] [restartedMain] o.s.b.w.embedded.tomcat.TomcatWebServer  : Tomcat started on port 8080 (http) with context path '/'
2025-09-18T09:56:08.493+05:30  INFO 28388 --- [ecommerce-app] [restartedMain] c.m.e.EcommerceAppApplication            : Started EcommerceAppApplication in 2.733 seconds (process running for 3.128)
2025-09-18T09:56:09.315+05:30  INFO 28388 --- [ecommerce-app] [cluster-ClusterId{value='68cb89df98179a54792b6755', description='Cluster0'}-ac-0gk59p4-shard-00-00.31qa085.mongodb.net:27017] org.mongodb.driver.cluster               : Monitor thread successfully connected to server with description ServerDescription{address=ac-0gk59p4-shard-00-00.31qa085.mongodb.net:27017, type=REPLICA_SET_SECONDARY, cryptd=false, state=CONNECTED, ok=true, minWireVersion=0, maxWireVersion=25, maxDocumentSize=16777216, logicalSessionTimeoutMinutes=30, roundTripTimeNanos=774459100, minRoundTripTimeNanos=0, setName='atlas-7zqv1i-shard-0', canonicalAddress=ac-0gk59p4-shard-00-00.31qa085.mongodb.net:27017, hosts=[ac-0gk59p4-shard-00-01.31qa085.mongodb.net:27017, ac-0gk59p4-shard-00-02.31qa085.mongodb.net:27017, ac-0gk59p4-shard-00-00.31qa085.mongodb.net:27017], passives=[], arbiters=[], primary='ac-0gk59p4-shard-00-02.31qa085.mongodb.net:27017', tagSet=TagSet{[Tag{name='availabilityZone', value='aps1-az1'}, Tag{name='diskState', value='READY'}, Tag{name='nodeType', value='ELECTABLE'}, Tag{name='provider', value='AWS'}, Tag{name='region', value='AP_SOUTH_1'}, Tag{name='workloadType', value='OPERATIONAL'}]}, electionId=null, setVersion=73, topologyVersion=TopologyVersion{processId=68c47ece35e2c61d9d79e926, counter=4}, lastWriteDate=Thu Sep 18 09:56:02 IST 2025, lastUpdateTimeNanos=634280452110100}
2025-09-18T09:56:09.325+05:30  INFO 28388 --- [ecommerce-app] [cluster-ClusterId{value='68cb89df98179a54792b6755', description='Cluster0'}-ac-0gk59p4-shard-00-02.31qa085.mongodb.net:27017] org.mongodb.driver.cluster               : Monitor thread successfully connected to server with description ServerDescription{address=ac-0gk59p4-shard-00-02.31qa085.mongodb.net:27017, type=REPLICA_SET_PRIMARY, cryptd=false, state=CONNECTED, ok=true, minWireVersion=0, maxWireVersion=25, maxDocumentSize=16777216, logicalSessionTimeoutMinutes=30, roundTripTimeNanos=747492900, minRoundTripTimeNanos=0, setName='atlas-7zqv1i-shard-0', canonicalAddress=ac-0gk59p4-shard-00-02.31qa085.mongodb.net:27017, hosts=[ac-0gk59p4-shard-00-01.31qa085.mongodb.net:27017, ac-0gk59p4-shard-00-02.31qa085.mongodb.net:27017, ac-0gk59p4-shard-00-00.31qa085.mongodb.net:27017], passives=[], arbiters=[], primary='ac-0gk59p4-shard-00-02.31qa085.mongodb.net:27017', tagSet=TagSet{[Tag{name='availabilityZone', value='aps1-az2'}, Tag{name='diskState', value='READY'}, Tag{name='nodeType', value='ELECTABLE'}, Tag{name='provider', value='AWS'}, Tag{name='region', value='AP_SOUTH_1'}, Tag{name='workloadType', value='OPERATIONAL'}]}, electionId=7fffffff0000000000000068, setVersion=73, topologyVersion=TopologyVersion{processId=68c482543f9344c36fc7c6fd, counter=6}, lastWriteDate=Thu Sep 18 09:56:02 IST 2025, lastUpdateTimeNanos=634280465839600}
2025-09-18T09:56:09.332+05:30  INFO 28388 --- [ecommerce-app] [cluster-ClusterId{value='68cb89df98179a54792b6755', description='Cluster0'}-ac-0gk59p4-shard-00-01.31qa085.mongodb.net:27017] org.mongodb.driver.cluster               : Monitor thread successfully connected to server with description ServerDescription{address=ac-0gk59p4-shard-00-01.31qa085.mongodb.net:27017, type=REPLICA_SET_SECONDARY, cryptd=false, state=CONNECTED, ok=true, minWireVersion=0, maxWireVersion=25, maxDocumentSize=16777216, logicalSessionTimeoutMinutes=30, roundTripTimeNanos=770943500, minRoundTripTimeNanos=0, setName='atlas-7zqv1i-shard-0', canonicalAddress=ac-0gk59p4-shard-00-01.31qa085.mongodb.net:27017, hosts=[ac-0gk59p4-shard-00-01.31qa085.mongodb.net:27017, ac-0gk59p4-shard-00-02.31qa085.mongodb.net:27017, ac-0gk59p4-shard-00-00.31qa085.mongodb.net:27017], passives=[], arbiters=[], primary='ac-0gk59p4-shard-00-02.31qa085.mongodb.net:27017', tagSet=TagSet{[Tag{name='availabilityZone', value='aps1-az3'}, Tag{name='diskState', value='READY'}, Tag{name='nodeType', value='ELECTABLE'}, Tag{name='provider', value='AWS'}, Tag{name='region', value='AP_SOUTH_1'}, Tag{name='workloadType', value='OPERATIONAL'}]}, electionId=null, setVersion=73, topologyVersion=TopologyVersion{processId=68c484e42fec78d0782c1e65, counter=3}, lastWriteDate=Thu Sep 18 09:56:02 IST 2025, lastUpdateTimeNanos=634280472521200}
2025-09-18T09:56:09.343+05:30  INFO 28388 --- [ecommerce-app] [cluster-ClusterId{value='68cb89df98179a54792b6755', description='Cluster0'}-ac-0gk59p4-shard-00-02.31qa085.mongodb.net:27017] org.mongodb.driver.cluster               : Discovered replica set primary ac-0gk59p4-shard-00-02.31qa085.mongodb.net:27017 with max election id 7fffffff0000000000000068 and max set version 73
2025-09-18T10:02:47.262+05:30  INFO 28388 --- [ecommerce-app] [http-nio-8080-exec-1] o.a.c.c.C.[Tomcat].[localhost].[/]       : Initializing Spring DispatcherServlet 'dispatcherServlet'
2025-09-18T10:02:47.263+05:30  INFO 28388 --- [ecommerce-app] [http-nio-8080-exec-1] o.s.web.servlet.DispatcherServlet        : Initializing Servlet 'dispatcherServlet'
2025-09-18T10:02:47.264+05:30  INFO 28388 --- [ecommerce-app] [http-nio-8080-exec-1] o.s.web.servlet.DispatcherServlet        : Completed initialization in 1 ms
2025-09-18T10:05:46.813+05:30  INFO 28388 --- [ecommerce-app] [SpringApplicationShutdownHook] o.s.b.w.e.tomcat.GracefulShutdown        : Commencing graceful shutdown. Waiting for active requests to complete
2025-09-18T10:05:46.826+05:30  INFO 28388 --- [ecommerce-app] [tomcat-shutdown] o.s.b.w.e.tomcat.GracefulShutdown        : Graceful shutdown complete
2025-09-18T10:11:29.275+05:30  INFO 29148 --- [ecommerce-app] [restartedMain] c.m.e.EcommerceAppApplication            : Starting EcommerceAppApplication using Java 21.0.8 with PID 29148 (C:\Users\Vaishnavi D\Documents\Ecom_Proj\Ecom-NIE-main\Ecom-NIE-main\server\target\classes started by Vaishnavi D in C:\Users\Vaishnavi D\Documents\Ecom_Proj\Ecom-NIE-main\Ecom-NIE-main\server)
2025-09-18T10:11:29.277+05:30  INFO 29148 --- [ecommerce-app] [restartedMain] c.m.e.EcommerceAppApplication            : No active profile set, falling back to 1 default profile: "default"
2025-09-18T10:11:29.316+05:30  INFO 29148 --- [ecommerce-app] [restartedMain] .e.DevToolsPropertyDefaultsPostProcessor : Devtools property defaults active! Set 'spring.devtools.add-properties' to 'false' to disable
2025-09-18T10:11:29.316+05:30  INFO 29148 --- [ecommerce-app] [restartedMain] .e.DevToolsPropertyDefaultsPostProcessor : For additional web related logging consider setting the 'logging.level.web' property to 'DEBUG'
2025-09-18T10:11:29.986+05:30  INFO 29148 --- [ecommerce-app] [restartedMain] .s.d.r.c.RepositoryConfigurationDelegate : Bootstrapping Spring Data MongoDB repositories in DEFAULT mode.
2025-09-18T10:11:30.043+05:30  INFO 29148 --- [ecommerce-app] [restartedMain] .s.d.r.c.RepositoryConfigurationDelegate : Finished Spring Data repository scanning in 51 ms. Found 3 MongoDB repository interfaces.
2025-09-18T10:11:30.420+05:30  INFO 29148 --- [ecommerce-app] [restartedMain] o.s.b.w.embedded.tomcat.TomcatWebServer  : Tomcat initialized with port 8080 (http)
2025-09-18T10:11:30.434+05:30  INFO 29148 --- [ecommerce-app] [restartedMain] o.apache.catalina.core.StandardService   : Starting service [Tomcat]
2025-09-18T10:11:30.434+05:30  INFO 29148 --- [ecommerce-app] [restartedMain] o.apache.catalina.core.StandardEngine    : Starting Servlet engine: [Apache Tomcat/10.1.44]
2025-09-18T10:11:30.476+05:30  INFO 29148 --- [ecommerce-app] [restartedMain] o.a.c.c.C.[Tomcat].[localhost].[/]       : Initializing Spring embedded WebApplicationContext
2025-09-18T10:11:30.477+05:30  INFO 29148 --- [ecommerce-app] [restartedMain] w.s.c.ServletWebServerApplicationContext : Root WebApplicationContext: initialization completed in 1160 ms
2025-09-18T10:11:30.873+05:30  INFO 29148 --- [ecommerce-app] [restartedMain] org.mongodb.driver.client                : MongoClient with metadata {"application": {"name": "Cluster0"}, "driver": {"name": "mongo-java-driver|sync|spring-boot", "version": "5.5.1"}, "os": {"type": "Windows", "name": "Windows 11", "architecture": "amd64", "version": "10.0"}, "platform": "Java/Oracle Corporation/21.0.8+12-LTS-250"} created with settings MongoClientSettings{readPreference=primary, writeConcern=WriteConcern{w=majority, wTimeout=null ms, journal=null}, retryWrites=true, retryReads=true, readConcern=ReadConcern{level=null}, credential=MongoCredential{mechanism=null, userName='Vaishnavi_D', source='admin', password=<hidden>, mechanismProperties=<hidden>}, transportSettings=null, commandListeners=[], codecRegistry=ProvidersCodecRegistry{codecProviders=[ValueCodecProvider{}, BsonValueCodecProvider{}, DBRefCodecProvider{}, DBObjectCodecProvider{}, DocumentCodecProvider{}, CollectionCodecProvider{}, IterableCodecProvider{}, MapCodecProvider{}, GeoJsonCodecProvider{}, GridFSFileCodecProvider{}, Jsr310CodecProvider{}, JsonObjectCodecProvider{}, BsonCodecProvider{}, EnumCodecProvider{}, com.mongodb.client.model.mql.ExpressionCodecProvider@7815dd4b, com.mongodb.Jep395RecordCodecProvider@2a02648a, com.mongodb.KotlinCodecProvider@43f812c5]}, loggerSettings=LoggerSettings{maxDocumentLength=1000}, clusterSettings={hosts=[127.0.0.1:27017], srvHost=cluster0.31qa085.mongodb.net, srvServiceName=mongodb, mode=MULTIPLE, requiredClusterType=REPLICA_SET, requiredReplicaSetName='atlas-7zqv1i-shard-0', serverSelector='null', clusterListeners='[]', serverSelectionTimeout='30000 ms', localThreshold='15 ms'}, socketSettings=SocketSettings{connectTimeoutMS=10000, readTimeoutMS=0, receiveBufferSize=0, proxySettings=ProxySettings{host=null, port=null, username=null, password=null}}, heartbeatSocketSettings=SocketSettings{connectTimeoutMS=10000, readTimeoutMS=10000, receiveBufferSize=0, proxySettings=ProxySettings{host=null, port=null, username=null, password=null}}, connectionPoolSettings=ConnectionPoolSettings{maxSize=100, minSize=0, maxWaitTimeMS=120000, maxConnectionLifeTimeMS=0, maxConnectionIdleTimeMS=0, maintenanceInitialDelayMS=0, maintenanceFrequencyMS=60000, connectionPoolListeners=[], maxConnecting=2}, serverSettings=ServerSettings{heartbeatFrequencyMS=10000, minHeartbeatFrequencyMS=500, serverMonitoringMode=AUTO, serverListeners='[]', serverMonitorListeners='[]'}, sslSettings=SslSettings{enabled=true, invalidHostNameAllowed=false, context=null}, applicationName='Cluster0', compressorList=[], uuidRepresentation=JAVA_LEGACY, serverApi=null, autoEncryptionSettings=null, dnsClient=null, inetAddressResolver=null, contextProvider=null, timeoutMS=null}
2025-09-18T10:11:30.994+05:30  INFO 29148 --- [ecommerce-app] [cluster-ClusterId{value='68cb8d7aec47d55bbc9bb33d', description='Cluster0'}-srv-cluster0.31qa085.mongodb.net] org.mongodb.driver.cluster               : Adding discovered server ac-0gk59p4-shard-00-02.31qa085.mongodb.net:27017 to client view of cluster
2025-09-18T10:11:31.007+05:30  INFO 29148 --- [ecommerce-app] [restartedMain] o.s.b.d.a.OptionalLiveReloadServer       : LiveReload server is running on port 35729
2025-09-18T10:11:31.020+05:30  INFO 29148 --- [ecommerce-app] [cluster-ClusterId{value='68cb8d7aec47d55bbc9bb33d', description='Cluster0'}-srv-cluster0.31qa085.mongodb.net] org.mongodb.driver.cluster               : Adding discovered server ac-0gk59p4-shard-00-01.31qa085.mongodb.net:27017 to client view of cluster
2025-09-18T10:11:31.024+05:30  INFO 29148 --- [ecommerce-app] [cluster-ClusterId{value='68cb8d7aec47d55bbc9bb33d', description='Cluster0'}-srv-cluster0.31qa085.mongodb.net] org.mongodb.driver.cluster               : Adding discovered server ac-0gk59p4-shard-00-00.31qa085.mongodb.net:27017 to client view of cluster
2025-09-18T10:11:31.343+05:30  INFO 29148 --- [ecommerce-app] [restartedMain] o.s.v.b.OptionalValidatorFactoryBean     : Failed to set up a Bean Validation provider: jakarta.validation.NoProviderFoundException: Unable to create a Configuration, because no Jakarta Bean Validation provider could be found. Add a provider like Hibernate Validator (RI) to your classpath.
2025-09-18T10:11:31.714+05:30  INFO 29148 --- [ecommerce-app] [restartedMain] o.s.b.w.embedded.tomcat.TomcatWebServer  : Tomcat started on port 8080 (http) with context path '/'
2025-09-18T10:11:31.730+05:30  INFO 29148 --- [ecommerce-app] [restartedMain] c.m.e.EcommerceAppApplication            : Started EcommerceAppApplication in 2.835 seconds (process running for 3.163)
2025-09-18T10:11:31.913+05:30  INFO 29148 --- [ecommerce-app] [cluster-ClusterId{value='68cb8d7aec47d55bbc9bb33d', description='Cluster0'}-ac-0gk59p4-shard-00-01.31qa085.mongodb.net:27017] org.mongodb.driver.cluster               : Monitor thread successfully connected to server with description ServerDescription{address=ac-0gk59p4-shard-00-01.31qa085.mongodb.net:27017, type=REPLICA_SET_SECONDARY, cryptd=false, state=CONNECTED, ok=true, minWireVersion=0, maxWireVersion=25, maxDocumentSize=16777216, logicalSessionTimeoutMinutes=30, roundTripTimeNanos=523528900, minRoundTripTimeNanos=0, setName='atlas-7zqv1i-shard-0', canonicalAddress=ac-0gk59p4-shard-00-01.31qa085.mongodb.net:27017, hosts=[ac-0gk59p4-shard-00-01.31qa085.mongodb.net:27017, ac-0gk59p4-shard-00-02.31qa085.mongodb.net:27017, ac-0gk59p4-shard-00-00.31qa085.mongodb.net:27017], passives=[], arbiters=[], primary='ac-0gk59p4-shard-00-02.31qa085.mongodb.net:27017', tagSet=TagSet{[Tag{name='availabilityZone', value='aps1-az3'}, Tag{name='diskState', value='READY'}, Tag{name='nodeType', value='ELECTABLE'}, Tag{name='provider', value='AWS'}, Tag{name='region', value='AP_SOUTH_1'}, Tag{name='workloadType', value='OPERATIONAL'}]}, electionId=null, setVersion=73, topologyVersion=TopologyVersion{processId=68c484e42fec78d0782c1e65, counter=3}, lastWriteDate=Thu Sep 18 10:11:32 IST 2025, lastUpdateTimeNanos=635203052116400}
2025-09-18T10:11:31.914+05:30  INFO 29148 --- [ecommerce-app] [cluster-ClusterId{value='68cb8d7aec47d55bbc9bb33d', description='Cluster0'}-ac-0gk59p4-shard-00-02.31qa085.mongodb.net:27017] org.mongodb.driver.cluster               : Monitor thread successfully connected to server with description ServerDescription{address=ac-0gk59p4-shard-00-02.31qa085.mongodb.net:27017, type=REPLICA_SET_PRIMARY, cryptd=false, state=CONNECTED, ok=true, minWireVersion=0, maxWireVersion=25, maxDocumentSize=16777216, logicalSessionTimeoutMinutes=30, roundTripTimeNanos=540413600, minRoundTripTimeNanos=0, setName='atlas-7zqv1i-shard-0', canonicalAddress=ac-0gk59p4-shard-00-02.31qa085.mongodb.net:27017, hosts=[ac-0gk59p4-shard-00-01.31qa085.mongodb.net:27017, ac-0gk59p4-shard-00-02.31qa085.mongodb.net:27017, ac-0gk59p4-shard-00-00.31qa085.mongodb.net:27017], passives=[], arbiters=[], primary='ac-0gk59p4-shard-00-02.31qa085.mongodb.net:27017', tagSet=TagSet{[Tag{name='availabilityZone', value='aps1-az2'}, Tag{name='diskState', value='READY'}, Tag{name='nodeType', value='ELECTABLE'}, Tag{name='provider', value='AWS'}, Tag{name='region', value='AP_SOUTH_1'}, Tag{name='workloadType', value='OPERATIONAL'}]}, electionId=7fffffff0000000000000068, setVersion=73, topologyVersion=TopologyVersion{processId=68c482543f9344c36fc7c6fd, counter=6}, lastWriteDate=Thu Sep 18 10:11:32 IST 2025, lastUpdateTimeNanos=635203052310200}
2025-09-18T10:11:31.914+05:30  INFO 29148 --- [ecommerce-app] [cluster-ClusterId{value='68cb8d7aec47d55bbc9bb33d', description='Cluster0'}-ac-0gk59p4-shard-00-00.31qa085.mongodb.net:27017] org.mongodb.driver.cluster               : Monitor thread successfully connected to server with description ServerDescription{address=ac-0gk59p4-shard-00-00.31qa085.mongodb.net:27017, type=REPLICA_SET_SECONDARY, cryptd=false, state=CONNECTED, ok=true, minWireVersion=0, maxWireVersion=25, maxDocumentSize=16777216, logicalSessionTimeoutMinutes=30, roundTripTimeNanos=542021800, minRoundTripTimeNanos=0, setName='atlas-7zqv1i-shard-0', canonicalAddress=ac-0gk59p4-shard-00-00.31qa085.mongodb.net:27017, hosts=[ac-0gk59p4-shard-00-01.31qa085.mongodb.net:27017, ac-0gk59p4-shard-00-02.31qa085.mongodb.net:27017, ac-0gk59p4-shard-00-00.31qa085.mongodb.net:27017], passives=[], arbiters=[], primary='ac-0gk59p4-shard-00-02.31qa085.mongodb.net:27017', tagSet=TagSet{[Tag{name='availabilityZone', value='aps1-az1'}, Tag{name='diskState', value='READY'}, Tag{name='nodeType', value='ELECTABLE'}, Tag{name='provider', value='AWS'}, Tag{name='region', value='AP_SOUTH_1'}, Tag{name='workloadType', value='OPERATIONAL'}]}, electionId=null, setVersion=73, topologyVersion=TopologyVersion{processId=68c47ece35e2c61d9d79e926, counter=4}, lastWriteDate=Thu Sep 18 10:11:32 IST 2025, lastUpdateTimeNanos=635203052117200}
2025-09-18T10:11:31.918+05:30  INFO 29148 --- [ecommerce-app] [cluster-ClusterId{value='68cb8d7aec47d55bbc9bb33d', description='Cluster0'}-ac-0gk59p4-shard-00-02.31qa085.mongodb.net:27017] org.mongodb.driver.cluster               : Discovered replica set primary ac-0gk59p4-shard-00-02.31qa085.mongodb.net:27017 with max election id 7fffffff0000000000000068 and max set version 73
2025-09-18T11:39:45.573+05:30  INFO 29148 --- [ecommerce-app] [cluster-ClusterId{value='68cb8d7aec47d55bbc9bb33d', description='Cluster0'}-ac-0gk59p4-shard-00-02.31qa085.mongodb.net:27017] org.mongodb.driver.cluster               : Exception in monitor thread while connecting to server ac-0gk59p4-shard-00-02.31qa085.mongodb.net:27017

com.mongodb.MongoSocketReadException: Exception receiving message
	at com.mongodb.internal.connection.InternalStreamConnection.translateReadException(InternalStreamConnection.java:809) ~[mongodb-driver-core-5.5.1.jar:na]
	at com.mongodb.internal.connection.InternalStreamConnection.receiveResponseBuffers(InternalStreamConnection.java:857) ~[mongodb-driver-core-5.5.1.jar:na]
	at com.mongodb.internal.connection.InternalStreamConnection.receiveCommandMessageResponse(InternalStreamConnection.java:517) ~[mongodb-driver-core-5.5.1.jar:na]
	at com.mongodb.internal.connection.InternalStreamConnection.receive(InternalStreamConnection.java:469) ~[mongodb-driver-core-5.5.1.jar:na]
	at com.mongodb.internal.connection.DefaultServerMonitor$ServerMonitor.lookupServerDescription(DefaultServerMonitor.java:249) ~[mongodb-driver-core-5.5.1.jar:na]
	at com.mongodb.internal.connection.DefaultServerMonitor$ServerMonitor.run(DefaultServerMonitor.java:176) ~[mongodb-driver-core-5.5.1.jar:na]
Caused by: java.net.SocketException: Connection reset
	at java.base/sun.nio.ch.NioSocketImpl.implRead(NioSocketImpl.java:318) ~[na:na]
	at java.base/sun.nio.ch.NioSocketImpl.read(NioSocketImpl.java:346) ~[na:na]
	at java.base/sun.nio.ch.NioSocketImpl$1.read(NioSocketImpl.java:796) ~[na:na]
	at java.base/java.net.Socket$SocketInputStream.read(Socket.java:1099) ~[na:na]
	at java.base/sun.security.ssl.SSLSocketInputRecord.read(SSLSocketInputRecord.java:489) ~[na:na]
	at java.base/sun.security.ssl.SSLSocketInputRecord.readHeader(SSLSocketInputRecord.java:483) ~[na:na]
	at java.base/sun.security.ssl.SSLSocketInputRecord.bytesInCompletePacket(SSLSocketInputRecord.java:70) ~[na:na]
	at java.base/sun.security.ssl.SSLSocketImpl.readApplicationRecord(SSLSocketImpl.java:1461) ~[na:na]
	at java.base/sun.security.ssl.SSLSocketImpl$AppInputStream.read(SSLSocketImpl.java:1066) ~[na:na]
	at com.mongodb.internal.connection.SocketStream.read(SocketStream.java:182) ~[mongodb-driver-core-5.5.1.jar:na]
	at com.mongodb.internal.connection.InternalStreamConnection.receiveResponseBuffers(InternalStreamConnection.java:824) ~[mongodb-driver-core-5.5.1.jar:na]
	... 4 common frames omitted

2025-09-18T11:39:45.573+05:30  INFO 29148 --- [ecommerce-app] [cluster-ClusterId{value='68cb8d7aec47d55bbc9bb33d', description='Cluster0'}-ac-0gk59p4-shard-00-01.31qa085.mongodb.net:27017] org.mongodb.driver.cluster               : Exception in monitor thread while connecting to server ac-0gk59p4-shard-00-01.31qa085.mongodb.net:27017

com.mongodb.MongoSocketReadException: Exception receiving message
	at com.mongodb.internal.connection.InternalStreamConnection.translateReadException(InternalStreamConnection.java:809) ~[mongodb-driver-core-5.5.1.jar:na]
	at com.mongodb.internal.connection.InternalStreamConnection.receiveResponseBuffers(InternalStreamConnection.java:857) ~[mongodb-driver-core-5.5.1.jar:na]
	at com.mongodb.internal.connection.InternalStreamConnection.receiveCommandMessageResponse(InternalStreamConnection.java:517) ~[mongodb-driver-core-5.5.1.jar:na]
	at com.mongodb.internal.connection.InternalStreamConnection.receive(InternalStreamConnection.java:469) ~[mongodb-driver-core-5.5.1.jar:na]
	at com.mongodb.internal.connection.DefaultServerMonitor$ServerMonitor.lookupServerDescription(DefaultServerMonitor.java:249) ~[mongodb-driver-core-5.5.1.jar:na]
	at com.mongodb.internal.connection.DefaultServerMonitor$ServerMonitor.run(DefaultServerMonitor.java:176) ~[mongodb-driver-core-5.5.1.jar:na]
Caused by: java.net.SocketException: Connection reset
	at java.base/sun.nio.ch.NioSocketImpl.implRead(NioSocketImpl.java:318) ~[na:na]
	at java.base/sun.nio.ch.NioSocketImpl.read(NioSocketImpl.java:346) ~[na:na]
	at java.base/sun.nio.ch.NioSocketImpl$1.read(NioSocketImpl.java:796) ~[na:na]
	at java.base/java.net.Socket$SocketInputStream.read(Socket.java:1099) ~[na:na]
	at java.base/sun.security.ssl.SSLSocketInputRecord.read(SSLSocketInputRecord.java:489) ~[na:na]
	at java.base/sun.security.ssl.SSLSocketInputRecord.readHeader(SSLSocketInputRecord.java:483) ~[na:na]
	at java.base/sun.security.ssl.SSLSocketInputRecord.bytesInCompletePacket(SSLSocketInputRecord.java:70) ~[na:na]
	at java.base/sun.security.ssl.SSLSocketImpl.readApplicationRecord(SSLSocketImpl.java:1461) ~[na:na]
	at java.base/sun.security.ssl.SSLSocketImpl$AppInputStream.read(SSLSocketImpl.java:1066) ~[na:na]
	at com.mongodb.internal.connection.SocketStream.read(SocketStream.java:182) ~[mongodb-driver-core-5.5.1.jar:na]
	at com.mongodb.internal.connection.InternalStreamConnection.receiveResponseBuffers(InternalStreamConnection.java:824) ~[mongodb-driver-core-5.5.1.jar:na]
	... 4 common frames omitted

2025-09-18T11:39:45.573+05:30  INFO 29148 --- [ecommerce-app] [cluster-ClusterId{value='68cb8d7aec47d55bbc9bb33d', description='Cluster0'}-ac-0gk59p4-shard-00-00.31qa085.mongodb.net:27017] org.mongodb.driver.cluster               : Exception in monitor thread while connecting to server ac-0gk59p4-shard-00-00.31qa085.mongodb.net:27017

com.mongodb.MongoSocketReadException: Exception receiving message
	at com.mongodb.internal.connection.InternalStreamConnection.translateReadException(InternalStreamConnection.java:809) ~[mongodb-driver-core-5.5.1.jar:na]
	at com.mongodb.internal.connection.InternalStreamConnection.receiveResponseBuffers(InternalStreamConnection.java:857) ~[mongodb-driver-core-5.5.1.jar:na]
	at com.mongodb.internal.connection.InternalStreamConnection.receiveCommandMessageResponse(InternalStreamConnection.java:517) ~[mongodb-driver-core-5.5.1.jar:na]
	at com.mongodb.internal.connection.InternalStreamConnection.receive(InternalStreamConnection.java:469) ~[mongodb-driver-core-5.5.1.jar:na]
	at com.mongodb.internal.connection.DefaultServerMonitor$ServerMonitor.lookupServerDescription(DefaultServerMonitor.java:249) ~[mongodb-driver-core-5.5.1.jar:na]
	at com.mongodb.internal.connection.DefaultServerMonitor$ServerMonitor.run(DefaultServerMonitor.java:176) ~[mongodb-driver-core-5.5.1.jar:na]
Caused by: java.net.SocketException: Connection reset
	at java.base/sun.nio.ch.NioSocketImpl.implRead(NioSocketImpl.java:318) ~[na:na]
	at java.base/sun.nio.ch.NioSocketImpl.read(NioSocketImpl.java:346) ~[na:na]
	at java.base/sun.nio.ch.NioSocketImpl$1.read(NioSocketImpl.java:796) ~[na:na]
	at java.base/java.net.Socket$SocketInputStream.read(Socket.java:1099) ~[na:na]
	at java.base/sun.security.ssl.SSLSocketInputRecord.read(SSLSocketInputRecord.java:489) ~[na:na]
	at java.base/sun.security.ssl.SSLSocketInputRecord.readHeader(SSLSocketInputRecord.java:483) ~[na:na]
	at java.base/sun.security.ssl.SSLSocketInputRecord.bytesInCompletePacket(SSLSocketInputRecord.java:70) ~[na:na]
	at java.base/sun.security.ssl.SSLSocketImpl.readApplicationRecord(SSLSocketImpl.java:1461) ~[na:na]
	at java.base/sun.security.ssl.SSLSocketImpl$AppInputStream.read(SSLSocketImpl.java:1066) ~[na:na]
	at com.mongodb.internal.connection.SocketStream.read(SocketStream.java:182) ~[mongodb-driver-core-5.5.1.jar:na]
	at com.mongodb.internal.connection.InternalStreamConnection.receiveResponseBuffers(InternalStreamConnection.java:824) ~[mongodb-driver-core-5.5.1.jar:na]
	... 4 common frames omitted

2025-09-18T11:39:45.739+05:30  INFO 29148 --- [ecommerce-app] [cluster-ClusterId{value='68cb8d7aec47d55bbc9bb33d', description='Cluster0'}-ac-0gk59p4-shard-00-02.31qa085.mongodb.net:27017] org.mongodb.driver.cluster               : Exception in monitor thread while connecting to server ac-0gk59p4-shard-00-02.31qa085.mongodb.net:27017

com.mongodb.MongoSocketException: No such host is known (ac-0gk59p4-shard-00-02.31qa085.mongodb.net)
	at com.mongodb.internal.connection.ServerAddressHelper.getSocketAddresses(ServerAddressHelper.java:75) ~[mongodb-driver-core-5.5.1.jar:na]
	at com.mongodb.internal.connection.SocketStream.initializeSocket(SocketStream.java:100) ~[mongodb-driver-core-5.5.1.jar:na]
	at com.mongodb.internal.connection.SocketStream.open(SocketStream.java:79) ~[mongodb-driver-core-5.5.1.jar:na]
	at com.mongodb.internal.connection.InternalStreamConnection.open(InternalStreamConnection.java:233) ~[mongodb-driver-core-5.5.1.jar:na]
	at com.mongodb.internal.connection.DefaultServerMonitor$ServerMonitor.lookupServerDescription(DefaultServerMonitor.java:219) ~[mongodb-driver-core-5.5.1.jar:na]
	at com.mongodb.internal.connection.DefaultServerMonitor$ServerMonitor.run(DefaultServerMonitor.java:176) ~[mongodb-driver-core-5.5.1.jar:na]
Caused by: java.net.UnknownHostException: No such host is known (ac-0gk59p4-shard-00-02.31qa085.mongodb.net)
	at java.base/java.net.Inet6AddressImpl.lookupAllHostAddr(Native Method) ~[na:na]
	at java.base/java.net.Inet6AddressImpl.lookupAllHostAddr(Inet6AddressImpl.java:52) ~[na:na]
	at java.base/java.net.InetAddress$PlatformResolver.lookupByName(InetAddress.java:1211) ~[na:na]
	at java.base/java.net.InetAddress.getAddressesFromNameService(InetAddress.java:1828) ~[na:na]
	at java.base/java.net.InetAddress$NameServiceAddresses.get(InetAddress.java:1139) ~[na:na]
	at java.base/java.net.InetAddress.getAllByName0(InetAddress.java:1818) ~[na:na]
	at java.base/java.net.InetAddress.getAllByName(InetAddress.java:1688) ~[na:na]
	at com.mongodb.internal.connection.DefaultInetAddressResolver.lookupByName(DefaultInetAddressResolver.java:34) ~[mongodb-driver-core-5.5.1.jar:na]
	at com.mongodb.internal.connection.ServerAddressHelper.getSocketAddresses(ServerAddressHelper.java:71) ~[mongodb-driver-core-5.5.1.jar:na]
	... 5 common frames omitted

2025-09-18T11:39:45.739+05:30  INFO 29148 --- [ecommerce-app] [cluster-ClusterId{value='68cb8d7aec47d55bbc9bb33d', description='Cluster0'}-ac-0gk59p4-shard-00-01.31qa085.mongodb.net:27017] org.mongodb.driver.cluster               : Exception in monitor thread while connecting to server ac-0gk59p4-shard-00-01.31qa085.mongodb.net:27017

com.mongodb.MongoSocketException: No such host is known (ac-0gk59p4-shard-00-01.31qa085.mongodb.net)
	at com.mongodb.internal.connection.ServerAddressHelper.getSocketAddresses(ServerAddressHelper.java:75) ~[mongodb-driver-core-5.5.1.jar:na]
	at com.mongodb.internal.connection.SocketStream.initializeSocket(SocketStream.java:100) ~[mongodb-driver-core-5.5.1.jar:na]
	at com.mongodb.internal.connection.SocketStream.open(SocketStream.java:79) ~[mongodb-driver-core-5.5.1.jar:na]
	at com.mongodb.internal.connection.InternalStreamConnection.open(InternalStreamConnection.java:233) ~[mongodb-driver-core-5.5.1.jar:na]
	at com.mongodb.internal.connection.DefaultServerMonitor$ServerMonitor.lookupServerDescription(DefaultServerMonitor.java:219) ~[mongodb-driver-core-5.5.1.jar:na]
	at com.mongodb.internal.connection.DefaultServerMonitor$ServerMonitor.run(DefaultServerMonitor.java:176) ~[mongodb-driver-core-5.5.1.jar:na]
Caused by: java.net.UnknownHostException: No such host is known (ac-0gk59p4-shard-00-01.31qa085.mongodb.net)
	at java.base/java.net.Inet6AddressImpl.lookupAllHostAddr(Native Method) ~[na:na]
	at java.base/java.net.Inet6AddressImpl.lookupAllHostAddr(Inet6AddressImpl.java:52) ~[na:na]
	at java.base/java.net.InetAddress$PlatformResolver.lookupByName(InetAddress.java:1211) ~[na:na]
	at java.base/java.net.InetAddress.getAddressesFromNameService(InetAddress.java:1828) ~[na:na]
	at java.base/java.net.InetAddress$NameServiceAddresses.get(InetAddress.java:1139) ~[na:na]
	at java.base/java.net.InetAddress.getAllByName0(InetAddress.java:1818) ~[na:na]
	at java.base/java.net.InetAddress.getAllByName(InetAddress.java:1688) ~[na:na]
	at com.mongodb.internal.connection.DefaultInetAddressResolver.lookupByName(DefaultInetAddressResolver.java:34) ~[mongodb-driver-core-5.5.1.jar:na]
	at com.mongodb.internal.connection.ServerAddressHelper.getSocketAddresses(ServerAddressHelper.java:71) ~[mongodb-driver-core-5.5.1.jar:na]
	... 5 common frames omitted

2025-09-18T11:39:45.742+05:30  INFO 29148 --- [ecommerce-app] [cluster-ClusterId{value='68cb8d7aec47d55bbc9bb33d', description='Cluster0'}-ac-0gk59p4-shard-00-00.31qa085.mongodb.net:27017] org.mongodb.driver.cluster               : Exception in monitor thread while connecting to server ac-0gk59p4-shard-00-00.31qa085.mongodb.net:27017

com.mongodb.MongoSocketException: No such host is known (ac-0gk59p4-shard-00-00.31qa085.mongodb.net)
	at com.mongodb.internal.connection.ServerAddressHelper.getSocketAddresses(ServerAddressHelper.java:75) ~[mongodb-driver-core-5.5.1.jar:na]
	at com.mongodb.internal.connection.SocketStream.initializeSocket(SocketStream.java:100) ~[mongodb-driver-core-5.5.1.jar:na]
	at com.mongodb.internal.connection.SocketStream.open(SocketStream.java:79) ~[mongodb-driver-core-5.5.1.jar:na]
	at com.mongodb.internal.connection.InternalStreamConnection.open(InternalStreamConnection.java:233) ~[mongodb-driver-core-5.5.1.jar:na]
	at com.mongodb.internal.connection.DefaultServerMonitor$ServerMonitor.lookupServerDescription(DefaultServerMonitor.java:219) ~[mongodb-driver-core-5.5.1.jar:na]
	at com.mongodb.internal.connection.DefaultServerMonitor$ServerMonitor.run(DefaultServerMonitor.java:176) ~[mongodb-driver-core-5.5.1.jar:na]
Caused by: java.net.UnknownHostException: No such host is known (ac-0gk59p4-shard-00-00.31qa085.mongodb.net)
	at java.base/java.net.Inet6AddressImpl.lookupAllHostAddr(Native Method) ~[na:na]
	at java.base/java.net.Inet6AddressImpl.lookupAllHostAddr(Inet6AddressImpl.java:52) ~[na:na]
	at java.base/java.net.InetAddress$PlatformResolver.lookupByName(InetAddress.java:1211) ~[na:na]
	at java.base/java.net.InetAddress.getAddressesFromNameService(InetAddress.java:1828) ~[na:na]
	at java.base/java.net.InetAddress$NameServiceAddresses.get(InetAddress.java:1139) ~[na:na]
	at java.base/java.net.InetAddress.getAllByName0(InetAddress.java:1818) ~[na:na]
	at java.base/java.net.InetAddress.getAllByName(InetAddress.java:1688) ~[na:na]
	at com.mongodb.internal.connection.DefaultInetAddressResolver.lookupByName(DefaultInetAddressResolver.java:34) ~[mongodb-driver-core-5.5.1.jar:na]
	at com.mongodb.internal.connection.ServerAddressHelper.getSocketAddresses(ServerAddressHelper.java:71) ~[mongodb-driver-core-5.5.1.jar:na]
	... 5 common frames omitted

2025-09-18T11:39:56.073+05:30  INFO 29148 --- [ecommerce-app] [cluster-ClusterId{value='68cb8d7aec47d55bbc9bb33d', description='Cluster0'}-ac-0gk59p4-shard-00-00.31qa085.mongodb.net:27017] org.mongodb.driver.cluster               : Exception in monitor thread while connecting to server ac-0gk59p4-shard-00-00.31qa085.mongodb.net:27017

com.mongodb.MongoSocketOpenException: Exception opening socket
	at com.mongodb.internal.connection.SocketStream.lambda$open$0(SocketStream.java:85) ~[mongodb-driver-core-5.5.1.jar:na]
	at java.base/java.util.Optional.orElseThrow(Optional.java:403) ~[na:na]
	at com.mongodb.internal.connection.SocketStream.open(SocketStream.java:85) ~[mongodb-driver-core-5.5.1.jar:na]
	at com.mongodb.internal.connection.InternalStreamConnection.open(InternalStreamConnection.java:233) ~[mongodb-driver-core-5.5.1.jar:na]
	at com.mongodb.internal.connection.DefaultServerMonitor$ServerMonitor.lookupServerDescription(DefaultServerMonitor.java:219) ~[mongodb-driver-core-5.5.1.jar:na]
	at com.mongodb.internal.connection.DefaultServerMonitor$ServerMonitor.run(DefaultServerMonitor.java:176) ~[mongodb-driver-core-5.5.1.jar:na]
Caused by: java.net.SocketException: Network is unreachable: getsockopt
	at java.base/sun.nio.ch.Net.pollConnect(Native Method) ~[na:na]
	at java.base/sun.nio.ch.Net.pollConnectNow(Net.java:682) ~[na:na]
	at java.base/sun.nio.ch.NioSocketImpl.timedFinishConnect(NioSocketImpl.java:542) ~[na:na]
	at java.base/sun.nio.ch.NioSocketImpl.connect(NioSocketImpl.java:592) ~[na:na]
	at java.base/java.net.SocksSocketImpl.connect(SocksSocketImpl.java:327) ~[na:na]
	at java.base/java.net.Socket.connect(Socket.java:751) ~[na:na]
	at java.base/sun.security.ssl.SSLSocketImpl.connect(SSLSocketImpl.java:304) ~[na:na]
	at com.mongodb.internal.connection.SocketStreamHelper.initialize(SocketStreamHelper.java:76) ~[mongodb-driver-core-5.5.1.jar:na]
	at com.mongodb.internal.connection.SocketStream.initializeSocket(SocketStream.java:104) ~[mongodb-driver-core-5.5.1.jar:na]
	at com.mongodb.internal.connection.SocketStream.open(SocketStream.java:79) ~[mongodb-driver-core-5.5.1.jar:na]
	... 3 common frames omitted

2025-09-18T11:39:56.092+05:30  INFO 29148 --- [ecommerce-app] [cluster-ClusterId{value='68cb8d7aec47d55bbc9bb33d', description='Cluster0'}-ac-0gk59p4-shard-00-02.31qa085.mongodb.net:27017] org.mongodb.driver.cluster               : Exception in monitor thread while connecting to server ac-0gk59p4-shard-00-02.31qa085.mongodb.net:27017

com.mongodb.MongoSocketOpenException: Exception opening socket
	at com.mongodb.internal.connection.SocketStream.lambda$open$0(SocketStream.java:85) ~[mongodb-driver-core-5.5.1.jar:na]
	at java.base/java.util.Optional.orElseThrow(Optional.java:403) ~[na:na]
	at com.mongodb.internal.connection.SocketStream.open(SocketStream.java:85) ~[mongodb-driver-core-5.5.1.jar:na]
	at com.mongodb.internal.connection.InternalStreamConnection.open(InternalStreamConnection.java:233) ~[mongodb-driver-core-5.5.1.jar:na]
	at com.mongodb.internal.connection.DefaultServerMonitor$ServerMonitor.lookupServerDescription(DefaultServerMonitor.java:219) ~[mongodb-driver-core-5.5.1.jar:na]
	at com.mongodb.internal.connection.DefaultServerMonitor$ServerMonitor.run(DefaultServerMonitor.java:176) ~[mongodb-driver-core-5.5.1.jar:na]
Caused by: java.net.SocketException: Network is unreachable: getsockopt
	at java.base/sun.nio.ch.Net.pollConnect(Native Method) ~[na:na]
	at java.base/sun.nio.ch.Net.pollConnectNow(Net.java:682) ~[na:na]
	at java.base/sun.nio.ch.NioSocketImpl.timedFinishConnect(NioSocketImpl.java:542) ~[na:na]
	at java.base/sun.nio.ch.NioSocketImpl.connect(NioSocketImpl.java:592) ~[na:na]
	at java.base/java.net.SocksSocketImpl.connect(SocksSocketImpl.java:327) ~[na:na]
	at java.base/java.net.Socket.connect(Socket.java:751) ~[na:na]
	at java.base/sun.security.ssl.SSLSocketImpl.connect(SSLSocketImpl.java:304) ~[na:na]
	at com.mongodb.internal.connection.SocketStreamHelper.initialize(SocketStreamHelper.java:76) ~[mongodb-driver-core-5.5.1.jar:na]
	at com.mongodb.internal.connection.SocketStream.initializeSocket(SocketStream.java:104) ~[mongodb-driver-core-5.5.1.jar:na]
	at com.mongodb.internal.connection.SocketStream.open(SocketStream.java:79) ~[mongodb-driver-core-5.5.1.jar:na]
	... 3 common frames omitted

2025-09-18T11:39:56.111+05:30  INFO 29148 --- [ecommerce-app] [cluster-ClusterId{value='68cb8d7aec47d55bbc9bb33d', description='Cluster0'}-ac-0gk59p4-shard-00-01.31qa085.mongodb.net:27017] org.mongodb.driver.cluster               : Exception in monitor thread while connecting to server ac-0gk59p4-shard-00-01.31qa085.mongodb.net:27017

com.mongodb.MongoSocketOpenException: Exception opening socket
	at com.mongodb.internal.connection.SocketStream.lambda$open$0(SocketStream.java:85) ~[mongodb-driver-core-5.5.1.jar:na]
	at java.base/java.util.Optional.orElseThrow(Optional.java:403) ~[na:na]
	at com.mongodb.internal.connection.SocketStream.open(SocketStream.java:85) ~[mongodb-driver-core-5.5.1.jar:na]
	at com.mongodb.internal.connection.InternalStreamConnection.open(InternalStreamConnection.java:233) ~[mongodb-driver-core-5.5.1.jar:na]
	at com.mongodb.internal.connection.DefaultServerMonitor$ServerMonitor.lookupServerDescription(DefaultServerMonitor.java:219) ~[mongodb-driver-core-5.5.1.jar:na]
	at com.mongodb.internal.connection.DefaultServerMonitor$ServerMonitor.run(DefaultServerMonitor.java:176) ~[mongodb-driver-core-5.5.1.jar:na]
Caused by: java.net.SocketException: Network is unreachable: getsockopt
	at java.base/sun.nio.ch.Net.pollConnect(Native Method) ~[na:na]
	at java.base/sun.nio.ch.Net.pollConnectNow(Net.java:682) ~[na:na]
	at java.base/sun.nio.ch.NioSocketImpl.timedFinishConnect(NioSocketImpl.java:542) ~[na:na]
	at java.base/sun.nio.ch.NioSocketImpl.connect(NioSocketImpl.java:592) ~[na:na]
	at java.base/java.net.SocksSocketImpl.connect(SocksSocketImpl.java:327) ~[na:na]
	at java.base/java.net.Socket.connect(Socket.java:751) ~[na:na]
	at java.base/sun.security.ssl.SSLSocketImpl.connect(SSLSocketImpl.java:304) ~[na:na]
	at com.mongodb.internal.connection.SocketStreamHelper.initialize(SocketStreamHelper.java:76) ~[mongodb-driver-core-5.5.1.jar:na]
	at com.mongodb.internal.connection.SocketStream.initializeSocket(SocketStream.java:104) ~[mongodb-driver-core-5.5.1.jar:na]
	at com.mongodb.internal.connection.SocketStream.open(SocketStream.java:79) ~[mongodb-driver-core-5.5.1.jar:na]
	... 3 common frames omitted

2025-09-18T11:40:26.459+05:30  INFO 29148 --- [ecommerce-app] [cluster-ClusterId{value='68cb8d7aec47d55bbc9bb33d', description='Cluster0'}-ac-0gk59p4-shard-00-00.31qa085.mongodb.net:27017] org.mongodb.driver.cluster               : Monitor thread successfully connected to server with description ServerDescription{address=ac-0gk59p4-shard-00-00.31qa085.mongodb.net:27017, type=REPLICA_SET_SECONDARY, cryptd=false, state=CONNECTED, ok=true, minWireVersion=0, maxWireVersion=25, maxDocumentSize=16777216, logicalSessionTimeoutMinutes=30, roundTripTimeNanos=261604900, minRoundTripTimeNanos=0, setName='atlas-7zqv1i-shard-0', canonicalAddress=ac-0gk59p4-shard-00-00.31qa085.mongodb.net:27017, hosts=[ac-0gk59p4-shard-00-01.31qa085.mongodb.net:27017, ac-0gk59p4-shard-00-02.31qa085.mongodb.net:27017, ac-0gk59p4-shard-00-00.31qa085.mongodb.net:27017], passives=[], arbiters=[], primary='ac-0gk59p4-shard-00-02.31qa085.mongodb.net:27017', tagSet=TagSet{[Tag{name='availabilityZone', value='aps1-az1'}, Tag{name='diskState', value='READY'}, Tag{name='nodeType', value='ELECTABLE'}, Tag{name='provider', value='AWS'}, Tag{name='region', value='AP_SOUTH_1'}, Tag{name='workloadType', value='OPERATIONAL'}]}, electionId=null, setVersion=73, topologyVersion=TopologyVersion{processId=68c47ece35e2c61d9d79e926, counter=4}, lastWriteDate=Thu Sep 18 11:40:24 IST 2025, lastUpdateTimeNanos=640537598838400}
2025-09-18T11:40:26.600+05:30  INFO 29148 --- [ecommerce-app] [cluster-ClusterId{value='68cb8d7aec47d55bbc9bb33d', description='Cluster0'}-ac-0gk59p4-shard-00-02.31qa085.mongodb.net:27017] org.mongodb.driver.cluster               : Monitor thread successfully connected to server with description ServerDescription{address=ac-0gk59p4-shard-00-02.31qa085.mongodb.net:27017, type=REPLICA_SET_PRIMARY, cryptd=false, state=CONNECTED, ok=true, minWireVersion=0, maxWireVersion=25, maxDocumentSize=16777216, logicalSessionTimeoutMinutes=30, roundTripTimeNanos=342385200, minRoundTripTimeNanos=0, setName='atlas-7zqv1i-shard-0', canonicalAddress=ac-0gk59p4-shard-00-02.31qa085.mongodb.net:27017, hosts=[ac-0gk59p4-shard-00-01.31qa085.mongodb.net:27017, ac-0gk59p4-shard-00-02.31qa085.mongodb.net:27017, ac-0gk59p4-shard-00-00.31qa085.mongodb.net:27017], passives=[], arbiters=[], primary='ac-0gk59p4-shard-00-02.31qa085.mongodb.net:27017', tagSet=TagSet{[Tag{name='availabilityZone', value='aps1-az2'}, Tag{name='diskState', value='READY'}, Tag{name='nodeType', value='ELECTABLE'}, Tag{name='provider', value='AWS'}, Tag{name='region', value='AP_SOUTH_1'}, Tag{name='workloadType', value='OPERATIONAL'}]}, electionId=7fffffff0000000000000068, setVersion=73, topologyVersion=TopologyVersion{processId=68c482543f9344c36fc7c6fd, counter=6}, lastWriteDate=Thu Sep 18 11:40:24 IST 2025, lastUpdateTimeNanos=640537741501600}
2025-09-18T11:40:26.602+05:30  INFO 29148 --- [ecommerce-app] [cluster-ClusterId{value='68cb8d7aec47d55bbc9bb33d', description='Cluster0'}-ac-0gk59p4-shard-00-02.31qa085.mongodb.net:27017] org.mongodb.driver.cluster               : Discovered replica set primary ac-0gk59p4-shard-00-02.31qa085.mongodb.net:27017 with max election id 7fffffff0000000000000068 and max set version 73
2025-09-18T11:40:27.807+05:30  INFO 29148 --- [ecommerce-app] [cluster-ClusterId{value='68cb8d7aec47d55bbc9bb33d', description='Cluster0'}-ac-0gk59p4-shard-00-01.31qa085.mongodb.net:27017] org.mongodb.driver.cluster               : Monitor thread successfully connected to server with description ServerDescription{address=ac-0gk59p4-shard-00-01.31qa085.mongodb.net:27017, type=REPLICA_SET_SECONDARY, cryptd=false, state=CONNECTED, ok=true, minWireVersion=0, maxWireVersion=25, maxDocumentSize=16777216, logicalSessionTimeoutMinutes=30, roundTripTimeNanos=1545711900, minRoundTripTimeNanos=0, setName='atlas-7zqv1i-shard-0', canonicalAddress=ac-0gk59p4-shard-00-01.31qa085.mongodb.net:27017, hosts=[ac-0gk59p4-shard-00-01.31qa085.mongodb.net:27017, ac-0gk59p4-shard-00-02.31qa085.mongodb.net:27017, ac-0gk59p4-shard-00-00.31qa085.mongodb.net:27017], passives=[], arbiters=[], primary='ac-0gk59p4-shard-00-02.31qa085.mongodb.net:27017', tagSet=TagSet{[Tag{name='availabilityZone', value='aps1-az3'}, Tag{name='diskState', value='READY'}, Tag{name='nodeType', value='ELECTABLE'}, Tag{name='provider', value='AWS'}, Tag{name='region', value='AP_SOUTH_1'}, Tag{name='workloadType', value='OPERATIONAL'}]}, electionId=null, setVersion=73, topologyVersion=TopologyVersion{processId=68c484e42fec78d0782c1e65, counter=3}, lastWriteDate=Thu Sep 18 11:40:24 IST 2025, lastUpdateTimeNanos=640538947824600}
2025-09-18T12:10:44.991+05:30  INFO 29148 --- [ecommerce-app] [cluster-ClusterId{value='68cb8d7aec47d55bbc9bb33d', description='Cluster0'}-ac-0gk59p4-shard-00-00.31qa085.mongodb.net:27017] org.mongodb.driver.cluster               : Exception in monitor thread while connecting to server ac-0gk59p4-shard-00-00.31qa085.mongodb.net:27017

com.mongodb.MongoSocketReadException: Exception receiving message
	at com.mongodb.internal.connection.InternalStreamConnection.translateReadException(InternalStreamConnection.java:809) ~[mongodb-driver-core-5.5.1.jar:na]
	at com.mongodb.internal.connection.InternalStreamConnection.receiveResponseBuffers(InternalStreamConnection.java:857) ~[mongodb-driver-core-5.5.1.jar:na]
	at com.mongodb.internal.connection.InternalStreamConnection.receiveCommandMessageResponse(InternalStreamConnection.java:517) ~[mongodb-driver-core-5.5.1.jar:na]
	at com.mongodb.internal.connection.InternalStreamConnection.receive(InternalStreamConnection.java:469) ~[mongodb-driver-core-5.5.1.jar:na]
	at com.mongodb.internal.connection.DefaultServerMonitor$ServerMonitor.lookupServerDescription(DefaultServerMonitor.java:249) ~[mongodb-driver-core-5.5.1.jar:na]
	at com.mongodb.internal.connection.DefaultServerMonitor$ServerMonitor.run(DefaultServerMonitor.java:176) ~[mongodb-driver-core-5.5.1.jar:na]
Caused by: java.net.SocketException: Connection reset
	at java.base/sun.nio.ch.NioSocketImpl.implRead(NioSocketImpl.java:318) ~[na:na]
	at java.base/sun.nio.ch.NioSocketImpl.read(NioSocketImpl.java:346) ~[na:na]
	at java.base/sun.nio.ch.NioSocketImpl$1.read(NioSocketImpl.java:796) ~[na:na]
	at java.base/java.net.Socket$SocketInputStream.read(Socket.java:1099) ~[na:na]
	at java.base/sun.security.ssl.SSLSocketInputRecord.read(SSLSocketInputRecord.java:489) ~[na:na]
	at java.base/sun.security.ssl.SSLSocketInputRecord.readHeader(SSLSocketInputRecord.java:483) ~[na:na]
	at java.base/sun.security.ssl.SSLSocketInputRecord.bytesInCompletePacket(SSLSocketInputRecord.java:70) ~[na:na]
	at java.base/sun.security.ssl.SSLSocketImpl.readApplicationRecord(SSLSocketImpl.java:1461) ~[na:na]
	at java.base/sun.security.ssl.SSLSocketImpl$AppInputStream.read(SSLSocketImpl.java:1066) ~[na:na]
	at com.mongodb.internal.connection.SocketStream.read(SocketStream.java:182) ~[mongodb-driver-core-5.5.1.jar:na]
	at com.mongodb.internal.connection.InternalStreamConnection.receiveResponseBuffers(InternalStreamConnection.java:824) ~[mongodb-driver-core-5.5.1.jar:na]
	... 4 common frames omitted

2025-09-18T12:10:44.991+05:30  INFO 29148 --- [ecommerce-app] [cluster-ClusterId{value='68cb8d7aec47d55bbc9bb33d', description='Cluster0'}-ac-0gk59p4-shard-00-01.31qa085.mongodb.net:27017] org.mongodb.driver.cluster               : Exception in monitor thread while connecting to server ac-0gk59p4-shard-00-01.31qa085.mongodb.net:27017

com.mongodb.MongoSocketReadException: Exception receiving message
	at com.mongodb.internal.connection.InternalStreamConnection.translateReadException(InternalStreamConnection.java:809) ~[mongodb-driver-core-5.5.1.jar:na]
	at com.mongodb.internal.connection.InternalStreamConnection.receiveResponseBuffers(InternalStreamConnection.java:857) ~[mongodb-driver-core-5.5.1.jar:na]
	at com.mongodb.internal.connection.InternalStreamConnection.receiveCommandMessageResponse(InternalStreamConnection.java:517) ~[mongodb-driver-core-5.5.1.jar:na]
	at com.mongodb.internal.connection.InternalStreamConnection.receive(InternalStreamConnection.java:469) ~[mongodb-driver-core-5.5.1.jar:na]
	at com.mongodb.internal.connection.DefaultServerMonitor$ServerMonitor.lookupServerDescription(DefaultServerMonitor.java:249) ~[mongodb-driver-core-5.5.1.jar:na]
	at com.mongodb.internal.connection.DefaultServerMonitor$ServerMonitor.run(DefaultServerMonitor.java:176) ~[mongodb-driver-core-5.5.1.jar:na]
Caused by: java.net.SocketException: Connection reset
	at java.base/sun.nio.ch.NioSocketImpl.implRead(NioSocketImpl.java:318) ~[na:na]
	at java.base/sun.nio.ch.NioSocketImpl.read(NioSocketImpl.java:346) ~[na:na]
	at java.base/sun.nio.ch.NioSocketImpl$1.read(NioSocketImpl.java:796) ~[na:na]
	at java.base/java.net.Socket$SocketInputStream.read(Socket.java:1099) ~[na:na]
	at java.base/sun.security.ssl.SSLSocketInputRecord.read(SSLSocketInputRecord.java:489) ~[na:na]
	at java.base/sun.security.ssl.SSLSocketInputRecord.readHeader(SSLSocketInputRecord.java:483) ~[na:na]
	at java.base/sun.security.ssl.SSLSocketInputRecord.bytesInCompletePacket(SSLSocketInputRecord.java:70) ~[na:na]
	at java.base/sun.security.ssl.SSLSocketImpl.readApplicationRecord(SSLSocketImpl.java:1461) ~[na:na]
	at java.base/sun.security.ssl.SSLSocketImpl$AppInputStream.read(SSLSocketImpl.java:1066) ~[na:na]
	at com.mongodb.internal.connection.SocketStream.read(SocketStream.java:182) ~[mongodb-driver-core-5.5.1.jar:na]
	at com.mongodb.internal.connection.InternalStreamConnection.receiveResponseBuffers(InternalStreamConnection.java:824) ~[mongodb-driver-core-5.5.1.jar:na]
	... 4 common frames omitted

2025-09-18T12:10:44.991+05:30  INFO 29148 --- [ecommerce-app] [cluster-ClusterId{value='68cb8d7aec47d55bbc9bb33d', description='Cluster0'}-ac-0gk59p4-shard-00-02.31qa085.mongodb.net:27017] org.mongodb.driver.cluster               : Exception in monitor thread while connecting to server ac-0gk59p4-shard-00-02.31qa085.mongodb.net:27017

com.mongodb.MongoSocketReadException: Exception receiving message
	at com.mongodb.internal.connection.InternalStreamConnection.translateReadException(InternalStreamConnection.java:809) ~[mongodb-driver-core-5.5.1.jar:na]
	at com.mongodb.internal.connection.InternalStreamConnection.receiveResponseBuffers(InternalStreamConnection.java:857) ~[mongodb-driver-core-5.5.1.jar:na]
	at com.mongodb.internal.connection.InternalStreamConnection.receiveCommandMessageResponse(InternalStreamConnection.java:517) ~[mongodb-driver-core-5.5.1.jar:na]
	at com.mongodb.internal.connection.InternalStreamConnection.receive(InternalStreamConnection.java:469) ~[mongodb-driver-core-5.5.1.jar:na]
	at com.mongodb.internal.connection.DefaultServerMonitor$ServerMonitor.lookupServerDescription(DefaultServerMonitor.java:249) ~[mongodb-driver-core-5.5.1.jar:na]
	at com.mongodb.internal.connection.DefaultServerMonitor$ServerMonitor.run(DefaultServerMonitor.java:176) ~[mongodb-driver-core-5.5.1.jar:na]
Caused by: java.net.SocketException: Connection reset
	at java.base/sun.nio.ch.NioSocketImpl.implRead(NioSocketImpl.java:318) ~[na:na]
	at java.base/sun.nio.ch.NioSocketImpl.read(NioSocketImpl.java:346) ~[na:na]
	at java.base/sun.nio.ch.NioSocketImpl$1.read(NioSocketImpl.java:796) ~[na:na]
	at java.base/java.net.Socket$SocketInputStream.read(Socket.java:1099) ~[na:na]
	at java.base/sun.security.ssl.SSLSocketInputRecord.read(SSLSocketInputRecord.java:489) ~[na:na]
	at java.base/sun.security.ssl.SSLSocketInputRecord.readHeader(SSLSocketInputRecord.java:483) ~[na:na]
	at java.base/sun.security.ssl.SSLSocketInputRecord.bytesInCompletePacket(SSLSocketInputRecord.java:70) ~[na:na]
	at java.base/sun.security.ssl.SSLSocketImpl.readApplicationRecord(SSLSocketImpl.java:1461) ~[na:na]
	at java.base/sun.security.ssl.SSLSocketImpl$AppInputStream.read(SSLSocketImpl.java:1066) ~[na:na]
	at com.mongodb.internal.connection.SocketStream.read(SocketStream.java:182) ~[mongodb-driver-core-5.5.1.jar:na]
	at com.mongodb.internal.connection.InternalStreamConnection.receiveResponseBuffers(InternalStreamConnection.java:824) ~[mongodb-driver-core-5.5.1.jar:na]
	... 4 common frames omitted

2025-09-18T12:10:57.088+05:30  INFO 29148 --- [ecommerce-app] [cluster-ClusterId{value='68cb8d7aec47d55bbc9bb33d', description='Cluster0'}-ac-0gk59p4-shard-00-00.31qa085.mongodb.net:27017] org.mongodb.driver.cluster               : Exception in monitor thread while connecting to server ac-0gk59p4-shard-00-00.31qa085.mongodb.net:27017

com.mongodb.MongoSocketException: No such host is known (ac-0gk59p4-shard-00-00.31qa085.mongodb.net)
	at com.mongodb.internal.connection.ServerAddressHelper.getSocketAddresses(ServerAddressHelper.java:75) ~[mongodb-driver-core-5.5.1.jar:na]
	at com.mongodb.internal.connection.SocketStream.initializeSocket(SocketStream.java:100) ~[mongodb-driver-core-5.5.1.jar:na]
	at com.mongodb.internal.connection.SocketStream.open(SocketStream.java:79) ~[mongodb-driver-core-5.5.1.jar:na]
	at com.mongodb.internal.connection.InternalStreamConnection.open(InternalStreamConnection.java:233) ~[mongodb-driver-core-5.5.1.jar:na]
	at com.mongodb.internal.connection.DefaultServerMonitor$ServerMonitor.lookupServerDescription(DefaultServerMonitor.java:219) ~[mongodb-driver-core-5.5.1.jar:na]
	at com.mongodb.internal.connection.DefaultServerMonitor$ServerMonitor.run(DefaultServerMonitor.java:176) ~[mongodb-driver-core-5.5.1.jar:na]
Caused by: java.net.UnknownHostException: No such host is known (ac-0gk59p4-shard-00-00.31qa085.mongodb.net)
	at java.base/java.net.Inet6AddressImpl.lookupAllHostAddr(Native Method) ~[na:na]
	at java.base/java.net.Inet6AddressImpl.lookupAllHostAddr(Inet6AddressImpl.java:52) ~[na:na]
	at java.base/java.net.InetAddress$PlatformResolver.lookupByName(InetAddress.java:1211) ~[na:na]
	at java.base/java.net.InetAddress.getAddressesFromNameService(InetAddress.java:1828) ~[na:na]
	at java.base/java.net.InetAddress$NameServiceAddresses.get(InetAddress.java:1139) ~[na:na]
	at java.base/java.net.InetAddress.getAllByName0(InetAddress.java:1818) ~[na:na]
	at java.base/java.net.InetAddress.getAllByName(InetAddress.java:1688) ~[na:na]
	at com.mongodb.internal.connection.DefaultInetAddressResolver.lookupByName(DefaultInetAddressResolver.java:34) ~[mongodb-driver-core-5.5.1.jar:na]
	at com.mongodb.internal.connection.ServerAddressHelper.getSocketAddresses(ServerAddressHelper.java:71) ~[mongodb-driver-core-5.5.1.jar:na]
	... 5 common frames omitted

2025-09-18T12:10:57.120+05:30  INFO 29148 --- [ecommerce-app] [cluster-ClusterId{value='68cb8d7aec47d55bbc9bb33d', description='Cluster0'}-ac-0gk59p4-shard-00-01.31qa085.mongodb.net:27017] org.mongodb.driver.cluster               : Exception in monitor thread while connecting to server ac-0gk59p4-shard-00-01.31qa085.mongodb.net:27017

com.mongodb.MongoSocketException: No such host is known (ac-0gk59p4-shard-00-01.31qa085.mongodb.net)
	at com.mongodb.internal.connection.ServerAddressHelper.getSocketAddresses(ServerAddressHelper.java:75) ~[mongodb-driver-core-5.5.1.jar:na]
	at com.mongodb.internal.connection.SocketStream.initializeSocket(SocketStream.java:100) ~[mongodb-driver-core-5.5.1.jar:na]
	at com.mongodb.internal.connection.SocketStream.open(SocketStream.java:79) ~[mongodb-driver-core-5.5.1.jar:na]
	at com.mongodb.internal.connection.InternalStreamConnection.open(InternalStreamConnection.java:233) ~[mongodb-driver-core-5.5.1.jar:na]
	at com.mongodb.internal.connection.DefaultServerMonitor$ServerMonitor.lookupServerDescription(DefaultServerMonitor.java:219) ~[mongodb-driver-core-5.5.1.jar:na]
	at com.mongodb.internal.connection.DefaultServerMonitor$ServerMonitor.run(DefaultServerMonitor.java:176) ~[mongodb-driver-core-5.5.1.jar:na]
Caused by: java.net.UnknownHostException: No such host is known (ac-0gk59p4-shard-00-01.31qa085.mongodb.net)
	at java.base/java.net.Inet6AddressImpl.lookupAllHostAddr(Native Method) ~[na:na]
	at java.base/java.net.Inet6AddressImpl.lookupAllHostAddr(Inet6AddressImpl.java:52) ~[na:na]
	at java.base/java.net.InetAddress$PlatformResolver.lookupByName(InetAddress.java:1211) ~[na:na]
	at java.base/java.net.InetAddress.getAddressesFromNameService(InetAddress.java:1828) ~[na:na]
	at java.base/java.net.InetAddress$NameServiceAddresses.get(InetAddress.java:1139) ~[na:na]
	at java.base/java.net.InetAddress.getAllByName0(InetAddress.java:1818) ~[na:na]
	at java.base/java.net.InetAddress.getAllByName(InetAddress.java:1688) ~[na:na]
	at com.mongodb.internal.connection.DefaultInetAddressResolver.lookupByName(DefaultInetAddressResolver.java:34) ~[mongodb-driver-core-5.5.1.jar:na]
	at com.mongodb.internal.connection.ServerAddressHelper.getSocketAddresses(ServerAddressHelper.java:71) ~[mongodb-driver-core-5.5.1.jar:na]
	... 5 common frames omitted

2025-09-18T12:10:57.121+05:30  INFO 29148 --- [ecommerce-app] [cluster-ClusterId{value='68cb8d7aec47d55bbc9bb33d', description='Cluster0'}-ac-0gk59p4-shard-00-02.31qa085.mongodb.net:27017] org.mongodb.driver.cluster               : Exception in monitor thread while connecting to server ac-0gk59p4-shard-00-02.31qa085.mongodb.net:27017

com.mongodb.MongoSocketException: No such host is known (ac-0gk59p4-shard-00-02.31qa085.mongodb.net)
	at com.mongodb.internal.connection.ServerAddressHelper.getSocketAddresses(ServerAddressHelper.java:75) ~[mongodb-driver-core-5.5.1.jar:na]
	at com.mongodb.internal.connection.SocketStream.initializeSocket(SocketStream.java:100) ~[mongodb-driver-core-5.5.1.jar:na]
	at com.mongodb.internal.connection.SocketStream.open(SocketStream.java:79) ~[mongodb-driver-core-5.5.1.jar:na]
	at com.mongodb.internal.connection.InternalStreamConnection.open(InternalStreamConnection.java:233) ~[mongodb-driver-core-5.5.1.jar:na]
	at com.mongodb.internal.connection.DefaultServerMonitor$ServerMonitor.lookupServerDescription(DefaultServerMonitor.java:219) ~[mongodb-driver-core-5.5.1.jar:na]
	at com.mongodb.internal.connection.DefaultServerMonitor$ServerMonitor.run(DefaultServerMonitor.java:176) ~[mongodb-driver-core-5.5.1.jar:na]
Caused by: java.net.UnknownHostException: No such host is known (ac-0gk59p4-shard-00-02.31qa085.mongodb.net)
	at java.base/java.net.Inet6AddressImpl.lookupAllHostAddr(Native Method) ~[na:na]
	at java.base/java.net.Inet6AddressImpl.lookupAllHostAddr(Inet6AddressImpl.java:52) ~[na:na]
	at java.base/java.net.InetAddress$PlatformResolver.lookupByName(InetAddress.java:1211) ~[na:na]
	at java.base/java.net.InetAddress.getAddressesFromNameService(InetAddress.java:1828) ~[na:na]
	at java.base/java.net.InetAddress$NameServiceAddresses.get(InetAddress.java:1139) ~[na:na]
	at java.base/java.net.InetAddress.getAllByName0(InetAddress.java:1818) ~[na:na]
	at java.base/java.net.InetAddress.getAllByName(InetAddress.java:1688) ~[na:na]
	at com.mongodb.internal.connection.DefaultInetAddressResolver.lookupByName(DefaultInetAddressResolver.java:34) ~[mongodb-driver-core-5.5.1.jar:na]
	at com.mongodb.internal.connection.ServerAddressHelper.getSocketAddresses(ServerAddressHelper.java:71) ~[mongodb-driver-core-5.5.1.jar:na]
	... 5 common frames omitted

2025-09-18T12:11:07.612+05:30  INFO 29148 --- [ecommerce-app] [cluster-ClusterId{value='68cb8d7aec47d55bbc9bb33d', description='Cluster0'}-ac-0gk59p4-shard-00-00.31qa085.mongodb.net:27017] org.mongodb.driver.cluster               : Monitor thread successfully connected to server with description ServerDescription{address=ac-0gk59p4-shard-00-00.31qa085.mongodb.net:27017, type=REPLICA_SET_SECONDARY, cryptd=false, state=CONNECTED, ok=true, minWireVersion=0, maxWireVersion=25, maxDocumentSize=16777216, logicalSessionTimeoutMinutes=30, roundTripTimeNanos=242128300, minRoundTripTimeNanos=0, setName='atlas-7zqv1i-shard-0', canonicalAddress=ac-0gk59p4-shard-00-00.31qa085.mongodb.net:27017, hosts=[ac-0gk59p4-shard-00-01.31qa085.mongodb.net:27017, ac-0gk59p4-shard-00-02.31qa085.mongodb.net:27017, ac-0gk59p4-shard-00-00.31qa085.mongodb.net:27017], passives=[], arbiters=[], primary='ac-0gk59p4-shard-00-02.31qa085.mongodb.net:27017', tagSet=TagSet{[Tag{name='availabilityZone', value='aps1-az1'}, Tag{name='diskState', value='READY'}, Tag{name='nodeType', value='ELECTABLE'}, Tag{name='provider', value='AWS'}, Tag{name='region', value='AP_SOUTH_1'}, Tag{name='workloadType', value='OPERATIONAL'}]}, electionId=null, setVersion=73, topologyVersion=TopologyVersion{processId=68c47ece35e2c61d9d79e926, counter=4}, lastWriteDate=Thu Sep 18 12:10:59 IST 2025, lastUpdateTimeNanos=642378750818400}
2025-09-18T12:11:07.617+05:30  INFO 29148 --- [ecommerce-app] [cluster-ClusterId{value='68cb8d7aec47d55bbc9bb33d', description='Cluster0'}-ac-0gk59p4-shard-00-01.31qa085.mongodb.net:27017] org.mongodb.driver.cluster               : Monitor thread successfully connected to server with description ServerDescription{address=ac-0gk59p4-shard-00-01.31qa085.mongodb.net:27017, type=REPLICA_SET_SECONDARY, cryptd=false, state=CONNECTED, ok=true, minWireVersion=0, maxWireVersion=25, maxDocumentSize=16777216, logicalSessionTimeoutMinutes=30, roundTripTimeNanos=242587200, minRoundTripTimeNanos=0, setName='atlas-7zqv1i-shard-0', canonicalAddress=ac-0gk59p4-shard-00-01.31qa085.mongodb.net:27017, hosts=[ac-0gk59p4-shard-00-01.31qa085.mongodb.net:27017, ac-0gk59p4-shard-00-02.31qa085.mongodb.net:27017, ac-0gk59p4-shard-00-00.31qa085.mongodb.net:27017], passives=[], arbiters=[], primary='ac-0gk59p4-shard-00-02.31qa085.mongodb.net:27017', tagSet=TagSet{[Tag{name='availabilityZone', value='aps1-az3'}, Tag{name='diskState', value='READY'}, Tag{name='nodeType', value='ELECTABLE'}, Tag{name='provider', value='AWS'}, Tag{name='region', value='AP_SOUTH_1'}, Tag{name='workloadType', value='OPERATIONAL'}]}, electionId=null, setVersion=73, topologyVersion=TopologyVersion{processId=68c484e42fec78d0782c1e65, counter=3}, lastWriteDate=Thu Sep 18 12:10:59 IST 2025, lastUpdateTimeNanos=642378750907700}
2025-09-18T12:11:07.661+05:30  INFO 29148 --- [ecommerce-app] [cluster-ClusterId{value='68cb8d7aec47d55bbc9bb33d', description='Cluster0'}-ac-0gk59p4-shard-00-02.31qa085.mongodb.net:27017] org.mongodb.driver.cluster               : Monitor thread successfully connected to server with description ServerDescription{address=ac-0gk59p4-shard-00-02.31qa085.mongodb.net:27017, type=REPLICA_SET_PRIMARY, cryptd=false, state=CONNECTED, ok=true, minWireVersion=0, maxWireVersion=25, maxDocumentSize=16777216, logicalSessionTimeoutMinutes=30, roundTripTimeNanos=248070600, minRoundTripTimeNanos=0, setName='atlas-7zqv1i-shard-0', canonicalAddress=ac-0gk59p4-shard-00-02.31qa085.mongodb.net:27017, hosts=[ac-0gk59p4-shard-00-01.31qa085.mongodb.net:27017, ac-0gk59p4-shard-00-02.31qa085.mongodb.net:27017, ac-0gk59p4-shard-00-00.31qa085.mongodb.net:27017], passives=[], arbiters=[], primary='ac-0gk59p4-shard-00-02.31qa085.mongodb.net:27017', tagSet=TagSet{[Tag{name='availabilityZone', value='aps1-az2'}, Tag{name='diskState', value='READY'}, Tag{name='nodeType', value='ELECTABLE'}, Tag{name='provider', value='AWS'}, Tag{name='region', value='AP_SOUTH_1'}, Tag{name='workloadType', value='OPERATIONAL'}]}, electionId=7fffffff0000000000000068, setVersion=73, topologyVersion=TopologyVersion{processId=68c482543f9344c36fc7c6fd, counter=6}, lastWriteDate=Thu Sep 18 12:10:59 IST 2025, lastUpdateTimeNanos=642378802128900}
2025-09-18T12:11:07.663+05:30  INFO 29148 --- [ecommerce-app] [cluster-ClusterId{value='68cb8d7aec47d55bbc9bb33d', description='Cluster0'}-ac-0gk59p4-shard-00-02.31qa085.mongodb.net:27017] org.mongodb.driver.cluster               : Discovered replica set primary ac-0gk59p4-shard-00-02.31qa085.mongodb.net:27017 with max election id 7fffffff0000000000000068 and max set version 73
2025-09-18T12:11:28.420+05:30  INFO 29148 --- [ecommerce-app] [File Watcher] rtingClassPathChangeChangedEventListener : Restarting due to 1 class path change (0 additions, 0 deletions, 1 modification)
2025-09-18T12:11:28.432+05:30  INFO 29148 --- [ecommerce-app] [Thread-4] o.s.b.w.e.tomcat.GracefulShutdown        : Commencing graceful shutdown. Waiting for active requests to complete
2025-09-18T12:11:28.447+05:30  INFO 29148 --- [ecommerce-app] [tomcat-shutdown] o.s.b.w.e.tomcat.GracefulShutdown        : Graceful shutdown complete
2025-09-18T12:11:28.670+05:30  INFO 29148 --- [ecommerce-app] [restartedMain] c.m.e.EcommerceAppApplication            : Starting EcommerceAppApplication using Java 21.0.8 with PID 29148 (C:\Users\Vaishnavi D\Documents\Ecom_Proj\Ecom-NIE-main\Ecom-NIE-main\server\target\classes started by Vaishnavi D in C:\Users\Vaishnavi D\Documents\Ecom_Proj\Ecom-NIE-main\Ecom-NIE-main\server)
2025-09-18T12:11:28.671+05:30  INFO 29148 --- [ecommerce-app] [restartedMain] c.m.e.EcommerceAppApplication            : No active profile set, falling back to 1 default profile: "default"
2025-09-18T12:11:28.928+05:30  INFO 29148 --- [ecommerce-app] [restartedMain] .s.d.r.c.RepositoryConfigurationDelegate : Bootstrapping Spring Data MongoDB repositories in DEFAULT mode.
2025-09-18T12:11:28.950+05:30  INFO 29148 --- [ecommerce-app] [restartedMain] .s.d.r.c.RepositoryConfigurationDelegate : Finished Spring Data repository scanning in 20 ms. Found 3 MongoDB repository interfaces.
2025-09-18T12:11:29.043+05:30  INFO 29148 --- [ecommerce-app] [restartedMain] o.s.b.w.embedded.tomcat.TomcatWebServer  : Tomcat initialized with port 8080 (http)
2025-09-18T12:11:29.046+05:30  INFO 29148 --- [ecommerce-app] [restartedMain] o.apache.catalina.core.StandardService   : Starting service [Tomcat]
2025-09-18T12:11:29.047+05:30  INFO 29148 --- [ecommerce-app] [restartedMain] o.apache.catalina.core.StandardEngine    : Starting Servlet engine: [Apache Tomcat/10.1.44]
2025-09-18T12:11:29.074+05:30  INFO 29148 --- [ecommerce-app] [restartedMain] o.a.c.c.C.[Tomcat].[localhost].[/]       : Initializing Spring embedded WebApplicationContext
2025-09-18T12:11:29.074+05:30  INFO 29148 --- [ecommerce-app] [restartedMain] w.s.c.ServletWebServerApplicationContext : Root WebApplicationContext: initialization completed in 397 ms
2025-09-18T12:11:29.203+05:30  INFO 29148 --- [ecommerce-app] [restartedMain] org.mongodb.driver.client                : MongoClient with metadata {"application": {"name": "Cluster0"}, "driver": {"name": "mongo-java-driver|sync|spring-boot", "version": "5.5.1"}, "os": {"type": "Windows", "name": "Windows 11", "architecture": "amd64", "version": "10.0"}, "platform": "Java/Oracle Corporation/21.0.8+12-LTS-250"} created with settings MongoClientSettings{readPreference=primary, writeConcern=WriteConcern{w=majority, wTimeout=null ms, journal=null}, retryWrites=true, retryReads=true, readConcern=ReadConcern{level=null}, credential=MongoCredential{mechanism=null, userName='Vaishnavi_D', source='admin', password=<hidden>, mechanismProperties=<hidden>}, transportSettings=null, commandListeners=[], codecRegistry=ProvidersCodecRegistry{codecProviders=[ValueCodecProvider{}, BsonValueCodecProvider{}, DBRefCodecProvider{}, DBObjectCodecProvider{}, DocumentCodecProvider{}, CollectionCodecProvider{}, IterableCodecProvider{}, MapCodecProvider{}, GeoJsonCodecProvider{}, GridFSFileCodecProvider{}, Jsr310CodecProvider{}, JsonObjectCodecProvider{}, BsonCodecProvider{}, EnumCodecProvider{}, com.mongodb.client.model.mql.ExpressionCodecProvider@7815dd4b, com.mongodb.Jep395RecordCodecProvider@2a02648a, com.mongodb.KotlinCodecProvider@43f812c5]}, loggerSettings=LoggerSettings{maxDocumentLength=1000}, clusterSettings={hosts=[127.0.0.1:27017], srvHost=cluster0.31qa085.mongodb.net, srvServiceName=mongodb, mode=MULTIPLE, requiredClusterType=REPLICA_SET, requiredReplicaSetName='atlas-7zqv1i-shard-0', serverSelector='null', clusterListeners='[]', serverSelectionTimeout='30000 ms', localThreshold='15 ms'}, socketSettings=SocketSettings{connectTimeoutMS=10000, readTimeoutMS=0, receiveBufferSize=0, proxySettings=ProxySettings{host=null, port=null, username=null, password=null}}, heartbeatSocketSettings=SocketSettings{connectTimeoutMS=10000, readTimeoutMS=10000, receiveBufferSize=0, proxySettings=ProxySettings{host=null, port=null, username=null, password=null}}, connectionPoolSettings=ConnectionPoolSettings{maxSize=100, minSize=0, maxWaitTimeMS=120000, maxConnectionLifeTimeMS=0, maxConnectionIdleTimeMS=0, maintenanceInitialDelayMS=0, maintenanceFrequencyMS=60000, connectionPoolListeners=[], maxConnecting=2}, serverSettings=ServerSettings{heartbeatFrequencyMS=10000, minHeartbeatFrequencyMS=500, serverMonitoringMode=AUTO, serverListeners='[]', serverMonitorListeners='[]'}, sslSettings=SslSettings{enabled=true, invalidHostNameAllowed=false, context=null}, applicationName='Cluster0', compressorList=[], uuidRepresentation=JAVA_LEGACY, serverApi=null, autoEncryptionSettings=null, dnsClient=null, inetAddressResolver=null, contextProvider=null, timeoutMS=null}
2025-09-18T12:11:29.236+05:30  INFO 29148 --- [ecommerce-app] [restartedMain] o.s.b.d.a.OptionalLiveReloadServer       : LiveReload server is running on port 35729
2025-09-18T12:11:29.325+05:30  INFO 29148 --- [ecommerce-app] [cluster-ClusterId{value='68cba999ec47d55bbc9bb33e', description='Cluster0'}-srv-cluster0.31qa085.mongodb.net] org.mongodb.driver.cluster               : Adding discovered server ac-0gk59p4-shard-00-02.31qa085.mongodb.net:27017 to client view of cluster
2025-09-18T12:11:29.327+05:30  INFO 29148 --- [ecommerce-app] [cluster-ClusterId{value='68cba999ec47d55bbc9bb33e', description='Cluster0'}-srv-cluster0.31qa085.mongodb.net] org.mongodb.driver.cluster               : Adding discovered server ac-0gk59p4-shard-00-01.31qa085.mongodb.net:27017 to client view of cluster
2025-09-18T12:11:29.329+05:30  INFO 29148 --- [ecommerce-app] [cluster-ClusterId{value='68cba999ec47d55bbc9bb33e', description='Cluster0'}-srv-cluster0.31qa085.mongodb.net] org.mongodb.driver.cluster               : Adding discovered server ac-0gk59p4-shard-00-00.31qa085.mongodb.net:27017 to client view of cluster
2025-09-18T12:11:29.373+05:30  INFO 29148 --- [ecommerce-app] [restartedMain] o.s.v.b.OptionalValidatorFactoryBean     : Failed to set up a Bean Validation provider: jakarta.validation.NoProviderFoundException: Unable to create a Configuration, because no Jakarta Bean Validation provider could be found. Add a provider like Hibernate Validator (RI) to your classpath.
2025-09-18T12:11:29.486+05:30  INFO 29148 --- [ecommerce-app] [restartedMain] o.s.b.w.embedded.tomcat.TomcatWebServer  : Tomcat started on port 8080 (http) with context path '/'
2025-09-18T12:11:29.491+05:30  INFO 29148 --- [ecommerce-app] [restartedMain] c.m.e.EcommerceAppApplication            : Started EcommerceAppApplication in 0.879 seconds (process running for 7200.922)
2025-09-18T12:11:29.493+05:30  INFO 29148 --- [ecommerce-app] [restartedMain] .ConditionEvaluationDeltaLoggingListener : Condition evaluation unchanged
2025-09-18T12:11:29.630+05:30  INFO 29148 --- [ecommerce-app] [cluster-ClusterId{value='68cba999ec47d55bbc9bb33e', description='Cluster0'}-ac-0gk59p4-shard-00-02.31qa085.mongodb.net:27017] org.mongodb.driver.cluster               : Monitor thread successfully connected to server with description ServerDescription{address=ac-0gk59p4-shard-00-02.31qa085.mongodb.net:27017, type=REPLICA_SET_PRIMARY, cryptd=false, state=CONNECTED, ok=true, minWireVersion=0, maxWireVersion=25, maxDocumentSize=16777216, logicalSessionTimeoutMinutes=30, roundTripTimeNanos=226427300, minRoundTripTimeNanos=0, setName='atlas-7zqv1i-shard-0', canonicalAddress=ac-0gk59p4-shard-00-02.31qa085.mongodb.net:27017, hosts=[ac-0gk59p4-shard-00-01.31qa085.mongodb.net:27017, ac-0gk59p4-shard-00-02.31qa085.mongodb.net:27017, ac-0gk59p4-shard-00-00.31qa085.mongodb.net:27017], passives=[], arbiters=[], primary='ac-0gk59p4-shard-00-02.31qa085.mongodb.net:27017', tagSet=TagSet{[Tag{name='availabilityZone', value='aps1-az2'}, Tag{name='diskState', value='READY'}, Tag{name='nodeType', value='ELECTABLE'}, Tag{name='provider', value='AWS'}, Tag{name='region', value='AP_SOUTH_1'}, Tag{name='workloadType', value='OPERATIONAL'}]}, electionId=7fffffff0000000000000068, setVersion=73, topologyVersion=TopologyVersion{processId=68c482543f9344c36fc7c6fd, counter=6}, lastWriteDate=Thu Sep 18 12:11:22 IST 2025, lastUpdateTimeNanos=642400770087000}
2025-09-18T12:11:29.632+05:30  INFO 29148 --- [ecommerce-app] [cluster-ClusterId{value='68cba999ec47d55bbc9bb33e', description='Cluster0'}-ac-0gk59p4-shard-00-02.31qa085.mongodb.net:27017] org.mongodb.driver.cluster               : Discovered replica set primary ac-0gk59p4-shard-00-02.31qa085.mongodb.net:27017 with max election id 7fffffff0000000000000068 and max set version 73
2025-09-18T12:11:29.639+05:30  INFO 29148 --- [ecommerce-app] [cluster-ClusterId{value='68cba999ec47d55bbc9bb33e', description='Cluster0'}-ac-0gk59p4-shard-00-00.31qa085.mongodb.net:27017] org.mongodb.driver.cluster               : Monitor thread successfully connected to server with description ServerDescription{address=ac-0gk59p4-shard-00-00.31qa085.mongodb.net:27017, type=REPLICA_SET_SECONDARY, cryptd=false, state=CONNECTED, ok=true, minWireVersion=0, maxWireVersion=25, maxDocumentSize=16777216, logicalSessionTimeoutMinutes=30, roundTripTimeNanos=228046900, minRoundTripTimeNanos=0, setName='atlas-7zqv1i-shard-0', canonicalAddress=ac-0gk59p4-shard-00-00.31qa085.mongodb.net:27017, hosts=[ac-0gk59p4-shard-00-01.31qa085.mongodb.net:27017, ac-0gk59p4-shard-00-02.31qa085.mongodb.net:27017, ac-0gk59p4-shard-00-00.31qa085.mongodb.net:27017], passives=[], arbiters=[], primary='ac-0gk59p4-shard-00-02.31qa085.mongodb.net:27017', tagSet=TagSet{[Tag{name='availabilityZone', value='aps1-az1'}, Tag{name='diskState', value='READY'}, Tag{name='nodeType', value='ELECTABLE'}, Tag{name='provider', value='AWS'}, Tag{name='region', value='AP_SOUTH_1'}, Tag{name='workloadType', value='OPERATIONAL'}]}, electionId=null, setVersion=73, topologyVersion=TopologyVersion{processId=68c47ece35e2c61d9d79e926, counter=4}, lastWriteDate=Thu Sep 18 12:11:22 IST 2025, lastUpdateTimeNanos=642400780086500}
2025-09-18T12:11:29.640+05:30  INFO 29148 --- [ecommerce-app] [cluster-ClusterId{value='68cba999ec47d55bbc9bb33e', description='Cluster0'}-ac-0gk59p4-shard-00-01.31qa085.mongodb.net:27017] org.mongodb.driver.cluster               : Monitor thread successfully connected to server with description ServerDescription{address=ac-0gk59p4-shard-00-01.31qa085.mongodb.net:27017, type=REPLICA_SET_SECONDARY, cryptd=false, state=CONNECTED, ok=true, minWireVersion=0, maxWireVersion=25, maxDocumentSize=16777216, logicalSessionTimeoutMinutes=30, roundTripTimeNanos=238059000, minRoundTripTimeNanos=0, setName='atlas-7zqv1i-shard-0', canonicalAddress=ac-0gk59p4-shard-00-01.31qa085.mongodb.net:27017, hosts=[ac-0gk59p4-shard-00-01.31qa085.mongodb.net:27017, ac-0gk59p4-shard-00-02.31qa085.mongodb.net:27017, ac-0gk59p4-shard-00-00.31qa085.mongodb.net:27017], passives=[], arbiters=[], primary='ac-0gk59p4-shard-00-02.31qa085.mongodb.net:27017', tagSet=TagSet{[Tag{name='availabilityZone', value='aps1-az3'}, Tag{name='diskState', value='READY'}, Tag{name='nodeType', value='ELECTABLE'}, Tag{name='provider', value='AWS'}, Tag{name='region', value='AP_SOUTH_1'}, Tag{name='workloadType', value='OPERATIONAL'}]}, electionId=null, setVersion=73, topologyVersion=TopologyVersion{processId=68c484e42fec78d0782c1e65, counter=3}, lastWriteDate=Thu Sep 18 12:11:22 IST 2025, lastUpdateTimeNanos=642400780222100}
2025-09-18T12:11:31.493+05:30  INFO 29148 --- [ecommerce-app] [SpringApplicationShutdownHook] o.s.b.w.e.tomcat.GracefulShutdown        : Commencing graceful shutdown. Waiting for active requests to complete
2025-09-18T12:11:31.505+05:30  INFO 29148 --- [ecommerce-app] [tomcat-shutdown] o.s.b.w.e.tomcat.GracefulShutdown        : Graceful shutdown complete
